# JRE version: OpenJDK Runtime Environment (8.0_202-b03) (build 1.8.0_202-release-1483-b03)
# Java VM: OpenJDK 64-Bit Server VM (25.202-b03 mixed mode windows-amd64 compressed oops)
Heap:
 PSYoungGen      total 279040K, used 253123K [0x00000000e0000000, 0x00000000f4c00000, 0x0000000100000000)
  eden space 253440K, 89% used [0x00000000e0000000,0x00000000ede32a10,0x00000000ef780000)
  from space 25600K, 99% used [0x00000000ef780000,0x00000000f107e540,0x00000000f1080000)
  to   space 28672K, 0% used [0x00000000f3000000,0x00000000f3000000,0x00000000f4c00000)
 ParOldGen       total 266752K, used 34504K [0x00000000a0000000, 0x00000000b0480000, 0x00000000e0000000)
  object space 266752K, 12% used [0x00000000a0000000,0x00000000a21b2158,0x00000000b0480000)
 Metaspace       used 77571K, capacity 82422K, committed 82688K, reserved 1120256K
  class space    used 10002K, capacity 10926K, committed 11008K, reserved 1048576K
GC Heap History (10 events):
Event: 8.840 GC heap before
{Heap before GC invocations=12 (full 3):
 PSYoungGen      total 201216K, used 17078K [0x00000000e0000000, 0x00000000f0e00000, 0x0000000100000000)
  eden space 179200K, 0% used [0x00000000e0000000,0x00000000e0000000,0x00000000eaf00000)
  from space 22016K, 77% used [0x00000000eaf00000,0x00000000ebfada90,0x00000000ec480000)
  to   space 22528K, 0% used [0x00000000ef800000,0x00000000ef800000,0x00000000f0e00000)
 ParOldGen       total 186880K, used 25711K [0x00000000a0000000, 0x00000000ab680000, 0x00000000e0000000)
  object space 186880K, 13% used [0x00000000a0000000,0x00000000a191bf00,0x00000000ab680000)
 Metaspace       used 57035K, capacity 59064K, committed 59160K, reserved 1099776K
  class space    used 7800K, capacity 8252K, committed 8320K, reserved 1048576K
Event: 9.106 GC heap after
Heap after GC invocations=12 (full 3):
 PSYoungGen      total 201216K, used 0K [0x00000000e0000000, 0x00000000f0e00000, 0x0000000100000000)
  eden space 179200K, 0% used [0x00000000e0000000,0x00000000e0000000,0x00000000eaf00000)
  from space 22016K, 0% used [0x00000000eaf00000,0x00000000eaf00000,0x00000000ec480000)
  to   space 22528K, 0% used [0x00000000ef800000,0x00000000ef800000,0x00000000f0e00000)
 ParOldGen       total 266752K, used 31733K [0x00000000a0000000, 0x00000000b0480000, 0x00000000e0000000)
  object space 266752K, 11% used [0x00000000a0000000,0x00000000a1efd5a0,0x00000000b0480000)
 Metaspace       used 57007K, capacity 58974K, committed 59160K, reserved 1099776K
  class space    used 7792K, capacity 8237K, committed 8320K, reserved 1048576K
}
Event: 11.847 GC heap before
{Heap before GC invocations=13 (full 3):
 PSYoungGen      total 201216K, used 179200K [0x00000000e0000000, 0x00000000f0e00000, 0x0000000100000000)
  eden space 179200K, 100% used [0x00000000e0000000,0x00000000eaf00000,0x00000000eaf00000)
  from space 22016K, 0% used [0x00000000eaf00000,0x00000000eaf00000,0x00000000ec480000)
  to   space 22528K, 0% used [0x00000000ef800000,0x00000000ef800000,0x00000000f0e00000)
 ParOldGen       total 266752K, used 31733K [0x00000000a0000000, 0x00000000b0480000, 0x00000000e0000000)
  object space 266752K, 11% used [0x00000000a0000000,0x00000000a1efd5a0,0x00000000b0480000)
 Metaspace       used 63816K, capacity 66666K, committed 66944K, reserved 1107968K
  class space    used 8725K, capacity 9315K, committed 9344K, reserved 1048576K
Event: 11.865 GC heap after
Heap after GC invocations=13 (full 3):
 PSYoungGen      total 229888K, used 12960K [0x00000000e0000000, 0x00000000f0500000, 0x0000000100000000)
  eden space 216576K, 0% used [0x00000000e0000000,0x00000000e0000000,0x00000000ed380000)
  from space 13312K, 97% used [0x00000000ef800000,0x00000000f04a8380,0x00000000f0500000)
  to   space 22016K, 0% used [0x00000000eda00000,0x00000000eda00000,0x00000000eef80000)
 ParOldGen       total 266752K, used 31741K [0x00000000a0000000, 0x00000000b0480000, 0x00000000e0000000)
  object space 266752K, 11% used [0x00000000a0000000,0x00000000a1eff5a0,0x00000000b0480000)
 Metaspace       used 63816K, capacity 66666K, committed 66944K, reserved 1107968K
  class space    used 8725K, capacity 9315K, committed 9344K, reserved 1048576K
}
Event: 120.271 GC heap before
{Heap before GC invocations=14 (full 3):
 PSYoungGen      total 229888K, used 229536K [0x00000000e0000000, 0x00000000f0500000, 0x0000000100000000)
  eden space 216576K, 100% used [0x00000000e0000000,0x00000000ed380000,0x00000000ed380000)
  from space 13312K, 97% used [0x00000000ef800000,0x00000000f04a8380,0x00000000f0500000)
  to   space 22016K, 0% used [0x00000000eda00000,0x00000000eda00000,0x00000000eef80000)
 ParOldGen       total 266752K, used 31741K [0x00000000a0000000, 0x00000000b0480000, 0x00000000e0000000)
  object space 266752K, 11% used [0x00000000a0000000,0x00000000a1eff5a0,0x00000000b0480000)
 Metaspace       used 71740K, capacity 74944K, committed 75136K, reserved 1114112K
  class space    used 9400K, capacity 10007K, committed 10112K, reserved 1048576K
Event: 120.405 GC heap after
Heap after GC invocations=14 (full 3):
 PSYoungGen      total 245248K, used 21985K [0x00000000e0000000, 0x00000000f2900000, 0x0000000100000000)
  eden space 223232K, 0% used [0x00000000e0000000,0x00000000e0000000,0x00000000eda00000)
  from space 22016K, 99% used [0x00000000eda00000,0x00000000eef78780,0x00000000eef80000)
  to   space 25088K, 0% used [0x00000000f1080000,0x00000000f1080000,0x00000000f2900000)
 ParOldGen       total 266752K, used 34019K [0x00000000a0000000, 0x00000000b0480000, 0x00000000e0000000)
  object space 266752K, 12% used [0x00000000a0000000,0x00000000a2138fe0,0x00000000b0480000)
 Metaspace       used 71740K, capacity 74944K, committed 75136K, reserved 1114112K
  class space    used 9400K, capacity 10007K, committed 10112K, reserved 1048576K
}
Event: 234.877 GC heap before
{Heap before GC invocations=15 (full 3):
 PSYoungGen      total 245248K, used 245217K [0x00000000e0000000, 0x00000000f2900000, 0x0000000100000000)
  eden space 223232K, 100% used [0x00000000e0000000,0x00000000eda00000,0x00000000eda00000)
  from space 22016K, 99% used [0x00000000eda00000,0x00000000eef78780,0x00000000eef80000)
  to   space 25088K, 0% used [0x00000000f1080000,0x00000000f1080000,0x00000000f2900000)
 ParOldGen       total 266752K, used 34019K [0x00000000a0000000, 0x00000000b0480000, 0x00000000e0000000)
  object space 266752K, 12% used [0x00000000a0000000,0x00000000a2138fe0,0x00000000b0480000)
 Metaspace       used 73696K, capacity 77558K, committed 77696K, reserved 1116160K
  class space    used 9602K, capacity 10322K, committed 10368K, reserved 1048576K
Event: 234.984 GC heap after
Heap after GC invocations=15 (full 3):
 PSYoungGen      total 278528K, used 18142K [0x00000000e0000000, 0x00000000f2b00000, 0x0000000100000000)
  eden space 253440K, 0% used [0x00000000e0000000,0x00000000e0000000,0x00000000ef780000)
  from space 25088K, 72% used [0x00000000f1080000,0x00000000f22378d8,0x00000000f2900000)
  to   space 25600K, 0% used [0x00000000ef780000,0x00000000ef780000,0x00000000f1080000)
 ParOldGen       total 266752K, used 34027K [0x00000000a0000000, 0x00000000b0480000, 0x00000000e0000000)
  object space 266752K, 12% used [0x00000000a0000000,0x00000000a213afe0,0x00000000b0480000)
 Metaspace       used 73696K, capacity 77558K, committed 77696K, reserved 1116160K
  class space    used 9602K, capacity 10322K, committed 10368K, reserved 1048576K
}
Event: 702.396 GC heap before
{Heap before GC invocations=16 (full 3):
 PSYoungGen      total 278528K, used 271582K [0x00000000e0000000, 0x00000000f2b00000, 0x0000000100000000)
  eden space 253440K, 100% used [0x00000000e0000000,0x00000000ef780000,0x00000000ef780000)
  from space 25088K, 72% used [0x00000000f1080000,0x00000000f22378d8,0x00000000f2900000)
  to   space 25600K, 0% used [0x00000000ef780000,0x00000000ef780000,0x00000000f1080000)
 ParOldGen       total 266752K, used 34027K [0x00000000a0000000, 0x00000000b0480000, 0x00000000e0000000)
  object space 266752K, 12% used [0x00000000a0000000,0x00000000a213afe0,0x00000000b0480000)
 Metaspace       used 75807K, capacity 80500K, committed 80640K, reserved 1120256K
  class space    used 9848K, capacity 10707K, committed 10752K, reserved 1048576K
Event: 702.628 GC heap after
Heap after GC invocations=16 (full 3):
 PSYoungGen      total 279040K, used 25593K [0x00000000e0000000, 0x00000000f4c00000, 0x0000000100000000)
  eden space 253440K, 0% used [0x00000000e0000000,0x00000000e0000000,0x00000000ef780000)
  from space 25600K, 99% used [0x00000000ef780000,0x00000000f107e540,0x00000000f1080000)
  to   space 28672K, 0% used [0x00000000f3000000,0x00000000f3000000,0x00000000f4c00000)
 ParOldGen       total 266752K, used 34504K [0x00000000a0000000, 0x00000000b0480000, 0x00000000e0000000)
  object space 266752K, 12% used [0x00000000a0000000,0x00000000a21b2158,0x00000000b0480000)
 Metaspace       used 75807K, capacity 80500K, committed 80640K, reserved 1120256K
  class space    used 9848K, capacity 10707K, committed 10752K, reserved 1048576K
}

